Base path: C:/Program Files (x86)/Unity_4.6/Editor/Data
Pipe name: \\.\pipe\UnityShaderCompiler-4-6328
Cmd: getPlatforms
Cmd: compileSnippet
  api=0 type=0 insize=5715 outsize=438 kw=DIRECTIONAL SHADOWS_OFF LIGHTMAP_ON DIRLIGHTMAP_OFF ok=1
Cmd: compileSnippet
  api=4 type=0 insize=5715 outsize=1493 kw=DIRECTIONAL SHADOWS_OFF LIGHTMAP_ON DIRLIGHTMAP_OFF ok=1
Cmd: compileSnippet
  api=4 type=0 insize=5715 outsize=4337 kw=DIRECTIONAL SHADOWS_SCREEN LIGHTMAP_OFF DIRLIGHTMAP_OFF ok=1
Cmd: compileSnippet
  api=1 type=0 insize=5715 outsize=321 kw=DIRECTIONAL SHADOWS_SCREEN LIGHTMAP_ON DIRLIGHTMAP_OFF ok=1
Cmd: compileSnippet
  api=1 type=0 insize=5715 outsize=1534 kw=DIRECTIONAL SHADOWS_OFF LIGHTMAP_OFF DIRLIGHTMAP_OFF VERTEXLIGHT_ON ok=1
Cmd: compileSnippet
  api=0 type=0 insize=5715 outsize=2196 kw=DIRECTIONAL SHADOWS_SCREEN LIGHTMAP_OFF DIRLIGHTMAP_OFF VERTEXLIGHT_ON ok=1
Cmd: compileSnippet
  api=1 type=1 insize=5715 outsize=1114 kw=DIRECTIONAL SHADOWS_OFF LIGHTMAP_OFF DIRLIGHTMAP_OFF ok=1
Cmd: compileSnippet
  api=8 type=1 insize=5715 outsize=1715 kw=DIRECTIONAL SHADOWS_OFF LIGHTMAP_ON DIRLIGHTMAP_OFF ok=1
Cmd: compileSnippet
  api=8 type=1 insize=5715 outsize=5932 kw=DIRECTIONAL SHADOWS_SCREEN LIGHTMAP_OFF DIRLIGHTMAP_OFF ok=1
Cmd: compileSnippet
  api=0 type=0 insize=3558 outsize=1023 kw=DIRECTIONAL ok=1
Cmd: compileSnippet
  api=0 type=0 insize=3558 outsize=1351 kw=SPOT ok=1
Cmd: compileSnippet
  api=0 type=0 insize=3558 outsize=1314 kw=POINT_COOKIE ok=1
Cmd: compileSnippet
  api=8 type=0 insize=3558 outsize=5330 kw=POINT_COOKIE ok=1
Cmd: compileSnippet
  api=8 type=1 insize=3558 outsize=5850 kw=POINT ok=1
Cmd: compileSnippet
  api=4 type=1 insize=3558 outsize=4004 kw=POINT_COOKIE ok=1
Cmd: compileSnippet
  api=4 type=1 insize=3558 outsize=3663 kw=DIRECTIONAL_COOKIE ok=1
Unhandled exception: Readfile from pipe failed. GLE=The pipe has been ended.


Quitting shader compiler process
