Base path: C:/Program Files (x86)/Unity_4.6/Editor/Data
Pipe name: \\.\pipe\UnityShaderCompiler-2-2612
Cmd: getPlatforms
Cmd: compileSnippet
  api=8 type=0 insize=5715 outsize=5948 kw=DIRECTIONAL SHADOWS_OFF LIGHTMAP_OFF DIRLIGHTMAP_OFF ok=1
Cmd: compileSnippet
  api=1 type=0 insize=5715 outsize=194 kw=DIRECTIONAL SHADOWS_OFF LIGHTMAP_ON DIRLIGHTMAP_OFF ok=1
Cmd: compileSnippet
  api=0 type=0 insize=5715 outsize=1534 kw=DIRECTIONAL SHADOWS_SCREEN LIGHTMAP_OFF DIRLIGHTMAP_OFF ok=1
Cmd: compileSnippet
  api=4 type=0 insize=5715 outsize=1883 kw=DIRECTIONAL SHADOWS_SCREEN LIGHTMAP_ON DIRLIGHTMAP_OFF ok=1
Cmd: compileSnippet
  api=8 type=0 insize=5715 outsize=2665 kw=DIRECTIONAL SHADOWS_SCREEN LIGHTMAP_ON DIRLIGHTMAP_OFF ok=1
Cmd: compileSnippet
  api=8 type=0 insize=5715 outsize=8694 kw=DIRECTIONAL SHADOWS_OFF LIGHTMAP_OFF DIRLIGHTMAP_OFF VERTEXLIGHT_ON ok=1
Cmd: compileSnippet
  api=8 type=1 insize=5715 outsize=5436 kw=DIRECTIONAL SHADOWS_OFF LIGHTMAP_OFF DIRLIGHTMAP_OFF ok=1
Cmd: compileSnippet
  api=1 type=1 insize=5715 outsize=400 kw=DIRECTIONAL SHADOWS_SCREEN LIGHTMAP_ON DIRLIGHTMAP_OFF ok=1
Cmd: compileSnippet
  api=8 type=1 insize=5715 outsize=2568 kw=DIRECTIONAL SHADOWS_SCREEN LIGHTMAP_ON DIRLIGHTMAP_OFF ok=1
Cmd: compileSnippet
  api=8 type=0 insize=3558 outsize=5330 kw=POINT ok=1
Cmd: compileSnippet
  api=8 type=0 insize=3558 outsize=5330 kw=SPOT ok=1
Cmd: compileSnippet
  api=4 type=0 insize=3558 outsize=3541 kw=DIRECTIONAL_COOKIE ok=1
Cmd: compileSnippet
  api=1 type=1 insize=3558 outsize=1241 kw=POINT ok=1
Cmd: compileSnippet
  api=1 type=1 insize=3558 outsize=1084 kw=DIRECTIONAL ok=1
Cmd: compileSnippet
  api=1 type=1 insize=3558 outsize=1377 kw=SPOT ok=1
Cmd: compileSnippet
  api=0 type=1 insize=3558 outsize=1443 kw=POINT_COOKIE ok=1
Cmd: compileSnippet
  api=1 type=1 insize=3558 outsize=1289 kw=POINT_COOKIE ok=1
Cmd: compileSnippet
  api=0 type=1 insize=3558 outsize=1259 kw=DIRECTIONAL_COOKIE ok=1
Cmd: compileSnippet
  api=1 type=1 insize=3558 outsize=1145 kw=DIRECTIONAL_COOKIE ok=1
Cmd: compileSnippet
  api=8 type=1 insize=3558 outsize=5607 kw=DIRECTIONAL_COOKIE ok=1
Unhandled exception: Readfile from pipe failed. GLE=The pipe has been ended.


Quitting shader compiler process
